tuicallkit-kt/build/outputs/logs/manifest-merger-debug-report.txt
-- Merging decision tree log ---
manifest
ADDED from src/main/AndroidManifest.xml:2:1-58:12
INJECTED from src/main/AndroidManifest.xml:2:1-58:12
INJECTED from src/main/AndroidManifest.xml:2:1-58:12
	package
		INJECTED from src/main/AndroidManifest.xml
		ADDED from src/main/AndroidManifest.xml:2:1-58:12
		INJECTED from src/main/AndroidManifest.xml
	xmlns:android
		ADDED from src/main/AndroidManifest.xml:2:11-69
uses-permission#android.permission.FOREGROUND_SERVICE
ADDED from src/main/AndroidManifest.xml:4:5-77
	android:name
		ADDED from src/main/AndroidManifest.xml:4:22-74
uses-permission#android.permission.FOREGROUND_SERVICE_CAMERA
ADDED from src/main/AndroidManifest.xml:5:5-84
	android:name
		ADDED from src/main/AndroidManifest.xml:5:22-81
uses-permission#android.permission.FOREGROUND_SERVICE_MICROPHONE
ADDED from src/main/AndroidManifest.xml:6:5-88
	android:name
		ADDED from src/main/AndroidManifest.xml:6:22-85
uses-permission#android.permission.FOREGROUND_SERVICE_CONNECTED_DEVICE
ADDED from src/main/AndroidManifest.xml:7:5-94
	android:name
		ADDED from src/main/AndroidManifest.xml:7:22-91
uses-permission#android.permission.SYSTEM_ALERT_WINDOW
ADDED from src/main/AndroidManifest.xml:8:5-78
	android:name
		ADDED from src/main/AndroidManifest.xml:8:22-75
uses-permission#android.permission.WAKE_LOCK
ADDED from src/main/AndroidManifest.xml:9:5-68
	android:name
		ADDED from src/main/AndroidManifest.xml:9:22-65
uses-permission#android.permission.INTERNET
ADDED from src/main/AndroidManifest.xml:10:5-67
	android:name
		ADDED from src/main/AndroidManifest.xml:10:22-64
uses-permission#android.permission.RECORD_AUDIO
ADDED from src/main/AndroidManifest.xml:11:5-71
	android:name
		ADDED from src/main/AndroidManifest.xml:11:22-68
uses-permission#android.permission.MODIFY_AUDIO_SETTINGS
ADDED from src/main/AndroidManifest.xml:12:5-80
	android:name
		ADDED from src/main/AndroidManifest.xml:12:22-77
uses-permission#android.permission.CAMERA
ADDED from src/main/AndroidManifest.xml:13:5-65
	android:name
		ADDED from src/main/AndroidManifest.xml:13:22-62
uses-feature#android.hardware.camera
ADDED from src/main/AndroidManifest.xml:15:5-60
	android:name
		ADDED from src/main/AndroidManifest.xml:15:19-57
uses-feature#android.hardware.camera.autofocus
ADDED from src/main/AndroidManifest.xml:16:5-70
	android:name
		ADDED from src/main/AndroidManifest.xml:16:19-67
uses-permission#android.permission.BLUETOOTH
ADDED from src/main/AndroidManifest.xml:18:5-20:38
	android:maxSdkVersion
		ADDED from src/main/AndroidManifest.xml:20:9-35
	android:name
		ADDED from src/main/AndroidManifest.xml:19:9-52
uses-permission#android.permission.BLUETOOTH_ADMIN
ADDED from src/main/AndroidManifest.xml:21:5-23:38
	android:maxSdkVersion
		ADDED from src/main/AndroidManifest.xml:23:9-35
	android:name
		ADDED from src/main/AndroidManifest.xml:22:9-58
uses-permission#android.permission.BLUETOOTH_CONNECT
ADDED from src/main/AndroidManifest.xml:25:5-76
	android:name
		ADDED from src/main/AndroidManifest.xml:25:22-73
application
ADDED from src/main/AndroidManifest.xml:27:5-56:19
activity#com.tencent.qcloud.tuikit.tuicallkit.view.CallKitActivity
ADDED from src/main/AndroidManifest.xml:28:9-32:66
	android:screenOrientation
		ADDED from src/main/AndroidManifest.xml:31:13-49
	android:launchMode
		ADDED from src/main/AndroidManifest.xml:30:13-44
	android:theme
		ADDED from src/main/AndroidManifest.xml:32:13-63
	android:name
		ADDED from src/main/AndroidManifest.xml:29:13-85
provider#com.tencent.qcloud.tuikit.tuicallkit.internal.ServiceInitializer
ADDED from src/main/AndroidManifest.xml:34:9-38:40
	android:enabled
		ADDED from src/main/AndroidManifest.xml:37:13-35
	android:authorities
		ADDED from src/main/AndroidManifest.xml:36:13-70
	android:exported
		ADDED from src/main/AndroidManifest.xml:38:13-37
	android:name
		ADDED from src/main/AndroidManifest.xml:35:13-92
service#com.tencent.qcloud.tuikit.tuicallkit.extensions.TUICallService
ADDED from src/main/AndroidManifest.xml:40:9-44:58
	android:enabled
		ADDED from src/main/AndroidManifest.xml:42:13-35
	android:exported
		ADDED from src/main/AndroidManifest.xml:43:13-37
	android:foregroundServiceType
		ADDED from src/main/AndroidManifest.xml:44:13-55
	android:name
		ADDED from src/main/AndroidManifest.xml:41:13-90
service#com.tencent.qcloud.tuikit.tuicallkit.view.component.floatview.FloatWindowService
ADDED from src/main/AndroidManifest.xml:46:9-49:40
	android:enabled
		ADDED from src/main/AndroidManifest.xml:48:13-35
	android:exported
		ADDED from src/main/AndroidManifest.xml:49:13-37
	android:name
		ADDED from src/main/AndroidManifest.xml:47:13-108
activity#.extensions.inviteuser.SelectGroupMemberActivity
ADDED from src/main/AndroidManifest.xml:51:9-55:66
	android:screenOrientation
		ADDED from src/main/AndroidManifest.xml:54:13-49
	android:launchMode
		ADDED from src/main/AndroidManifest.xml:53:13-44
	android:theme
		ADDED from src/main/AndroidManifest.xml:55:13-63
	android:name
		ADDED from src/main/AndroidManifest.xml:52:13-76
uses-sdk
INJECTED from src/main/AndroidManifest.xml reason: use-sdk injection requested
INJECTED from src/main/AndroidManifest.xml
INJECTED from src/main/AndroidManifest.xml
INJECTED from src/main/AndroidManifest.xml
INJECTED from src/main/AndroidManifest.xml
	android:targetSdkVersion
		INJECTED from src/main/AndroidManifest.xml
		ADDED from src/main/AndroidManifest.xml
		INJECTED from src/main/AndroidManifest.xml
	android:minSdkVersion
		INJECTED from src/main/AndroidManifest.xml
		ADDED from src/main/AndroidManifest.xml
		INJECTED from src/main/AndroidManifest.xml
activity#com.tencent.qcloud.tuikit.tuicallkit.extensions.inviteuser.SelectGroupMemberActivity
ADDED from src/main/AndroidManifest.xml:51:9-55:66
	android:screenOrientation
		ADDED from src/main/AndroidManifest.xml:54:13-49
	android:launchMode
		ADDED from src/main/AndroidManifest.xml:53:13-44
	android:theme
		ADDED from src/main/AndroidManifest.xml:55:13-63
	android:name
		ADDED from src/main/AndroidManifest.xml:52:13-76